<?xml version="1.0" ?>
<!DOCTYPE coverage SYSTEM "http://cobertura.sourceforge.net/xml/coverage-04.dtd">
<coverage lines-valid="662" lines-covered="662" line-rate="1" branches-valid="312" branches-covered="312" branch-rate="1" timestamp="1617293733304" complexity="0" version="0.1">
  <sources>
    <source>/Users/t.nasu/t-nasu/proto-parser</source>
  </sources>
  <packages>
    <package name="proto-parser" line-rate="1" branch-rate="1">
      <classes>
        <class name="index.js" filename="index.js" line-rate="1" branch-rate="1">
          <methods>
            <method name="parse" hits="39" signature="()V">
              <lines>
                <line number="4" hits="39"/>
              </lines>
            </method>
          </methods>
          <lines>
            <line number="1" hits="1" branch="false"/>
            <line number="2" hits="1" branch="false"/>
            <line number="5" hits="39" branch="false"/>
            <line number="6" hits="39" branch="false"/>
            <line number="7" hits="25" branch="false"/>
            <line number="8" hits="25" branch="false"/>
            <line number="10" hits="14" branch="false"/>
            <line number="11" hits="14" branch="false"/>
            <line number="13" hits="14" branch="true" condition-coverage="100% (2/2)"/>
            <line number="14" hits="10" branch="false"/>
            <line number="17" hits="14" branch="false"/>
            <line number="26" hits="1" branch="false"/>
          </lines>
        </class>
      </classes>
    </package>
    <package name="proto-parser.src" line-rate="1" branch-rate="1">
      <classes>
        <class name="construct.js" filename="src/construct.js" line-rate="1" branch-rate="1">
          <methods>
            <method name="setWeekResolve" hits="23" signature="()V">
              <lines>
                <line number="9" hits="23"/>
              </lines>
            </method>
            <method name="(anonymous_1)" hits="122" signature="()V">
              <lines>
                <line number="14" hits="122"/>
              </lines>
            </method>
            <method name="(anonymous_2)" hits="26" signature="()V">
              <lines>
                <line number="32" hits="26"/>
              </lines>
            </method>
            <method name="(anonymous_3)" hits="93" signature="()V">
              <lines>
                <line number="41" hits="93"/>
              </lines>
            </method>
            <method name="(anonymous_4)" hits="67" signature="()V">
              <lines>
                <line number="55" hits="67"/>
              </lines>
            </method>
            <method name="(anonymous_5)" hits="86" signature="()V">
              <lines>
                <line number="59" hits="86"/>
              </lines>
            </method>
            <method name="(anonymous_6)" hits="88" signature="()V">
              <lines>
                <line number="64" hits="88"/>
              </lines>
            </method>
            <method name="(anonymous_7)" hits="37" signature="()V">
              <lines>
                <line number="70" hits="37"/>
              </lines>
            </method>
            <method name="(anonymous_8)" hits="30" signature="()V">
              <lines>
                <line number="125" hits="30"/>
              </lines>
            </method>
            <method name="(anonymous_9)" hits="30" signature="()V">
              <lines>
                <line number="131" hits="30"/>
              </lines>
            </method>
            <method name="(anonymous_10)" hits="3" signature="()V">
              <lines>
                <line number="150" hits="3"/>
              </lines>
            </method>
            <method name="(anonymous_11)" hits="1" signature="()V">
              <lines>
                <line number="159" hits="1"/>
              </lines>
            </method>
            <method name="(anonymous_12)" hits="1" signature="()V">
              <lines>
                <line number="179" hits="1"/>
              </lines>
            </method>
            <method name="(anonymous_13)" hits="2" signature="()V">
              <lines>
                <line number="185" hits="2"/>
              </lines>
            </method>
            <method name="(anonymous_14)" hits="1" signature="()V">
              <lines>
                <line number="198" hits="1"/>
              </lines>
            </method>
            <method name="(anonymous_15)" hits="81" signature="()V">
              <lines>
                <line number="219" hits="81"/>
              </lines>
            </method>
            <method name="(anonymous_16)" hits="36" signature="()V">
              <lines>
                <line number="225" hits="36"/>
              </lines>
            </method>
            <method name="(anonymous_17)" hits="41" signature="()V">
              <lines>
                <line number="246" hits="41"/>
              </lines>
            </method>
            <method name="(anonymous_18)" hits="39" signature="()V">
              <lines>
                <line number="264" hits="39"/>
              </lines>
            </method>
            <method name="(anonymous_19)" hits="4" signature="()V">
              <lines>
                <line number="279" hits="4"/>
              </lines>
            </method>
            <method name="(anonymous_20)" hits="4" signature="()V">
              <lines>
                <line number="309" hits="4"/>
              </lines>
            </method>
            <method name="(anonymous_21)" hits="31" signature="()V">
              <lines>
                <line number="314" hits="31"/>
              </lines>
            </method>
            <method name="(anonymous_22)" hits="52" signature="()V">
              <lines>
                <line number="319" hits="52"/>
              </lines>
            </method>
            <method name="(anonymous_23)" hits="16" signature="()V">
              <lines>
                <line number="325" hits="16"/>
              </lines>
            </method>
            <method name="(anonymous_24)" hits="55" signature="()V">
              <lines>
                <line number="358" hits="55"/>
              </lines>
            </method>
            <method name="(anonymous_25)" hits="29" signature="()V">
              <lines>
                <line number="367" hits="29"/>
              </lines>
            </method>
            <method name="(anonymous_26)" hits="41" signature="()V">
              <lines>
                <line number="381" hits="41"/>
              </lines>
            </method>
            <method name="(anonymous_27)" hits="39" signature="()V">
              <lines>
                <line number="389" hits="39"/>
              </lines>
            </method>
            <method name="(anonymous_28)" hits="33" signature="()V">
              <lines>
                <line number="434" hits="33"/>
              </lines>
            </method>
            <method name="(anonymous_29)" hits="35" signature="()V">
              <lines>
                <line number="455" hits="35"/>
              </lines>
            </method>
            <method name="(anonymous_30)" hits="21" signature="()V">
              <lines>
                <line number="462" hits="21"/>
              </lines>
            </method>
            <method name="(anonymous_31)" hits="23" signature="()V">
              <lines>
                <line number="469" hits="23"/>
              </lines>
            </method>
            <method name="(anonymous_32)" hits="5" signature="()V">
              <lines>
                <line number="480" hits="5"/>
              </lines>
            </method>
            <method name="(anonymous_33)" hits="10" signature="()V">
              <lines>
                <line number="506" hits="10"/>
              </lines>
            </method>
            <method name="(anonymous_34)" hits="1" signature="()V">
              <lines>
                <line number="543" hits="1"/>
              </lines>
            </method>
            <method name="(anonymous_35)" hits="4" signature="()V">
              <lines>
                <line number="551" hits="4"/>
              </lines>
            </method>
            <method name="(anonymous_36)" hits="4" signature="()V">
              <lines>
                <line number="559" hits="4"/>
              </lines>
            </method>
            <method name="(anonymous_37)" hits="4" signature="()V">
              <lines>
                <line number="574" hits="4"/>
              </lines>
            </method>
            <method name="(anonymous_38)" hits="4" signature="()V">
              <lines>
                <line number="580" hits="4"/>
              </lines>
            </method>
            <method name="(anonymous_39)" hits="4" signature="()V">
              <lines>
                <line number="585" hits="4"/>
              </lines>
            </method>
            <method name="(anonymous_40)" hits="3" signature="()V">
              <lines>
                <line number="590" hits="3"/>
              </lines>
            </method>
            <method name="(anonymous_41)" hits="3" signature="()V">
              <lines>
                <line number="598" hits="3"/>
              </lines>
            </method>
            <method name="(anonymous_42)" hits="3" signature="()V">
              <lines>
                <line number="645" hits="3"/>
              </lines>
            </method>
            <method name="(anonymous_43)" hits="2" signature="()V">
              <lines>
                <line number="652" hits="2"/>
              </lines>
            </method>
            <method name="(anonymous_44)" hits="39" signature="()V">
              <lines>
                <line number="663" hits="39"/>
              </lines>
            </method>
            <method name="addFieldsToParent" hits="3" signature="()V">
              <lines>
                <line number="671" hits="3"/>
              </lines>
            </method>
            <method name="copyObject" hits="144" signature="()V">
              <lines>
                <line number="682" hits="144"/>
              </lines>
            </method>
            <method name="(anonymous_47)" hits="1906" signature="()V">
              <lines>
                <line number="687" hits="1906"/>
              </lines>
            </method>
            <method name="mapToJson" hits="104" signature="()V">
              <lines>
                <line number="696" hits="104"/>
              </lines>
            </method>
            <method name="(anonymous_49)" hits="64" signature="()V">
              <lines>
                <line number="700" hits="64"/>
              </lines>
            </method>
            <method name="mapResolve" hits="98" signature="()V">
              <lines>
                <line number="707" hits="98"/>
              </lines>
            </method>
            <method name="(anonymous_51)" hits="64" signature="()V">
              <lines>
                <line number="710" hits="64"/>
              </lines>
            </method>
            <method name="ResolveType" hits="35" signature="()V">
              <lines>
                <line number="715" hits="35"/>
              </lines>
            </method>
          </methods>
          <lines>
            <line number="3" hits="1" branch="false"/>
            <line number="4" hits="1" branch="false"/>
            <line number="6" hits="1" branch="false"/>
            <line number="7" hits="1" branch="false"/>
            <line number="10" hits="23" branch="false"/>
            <line number="25" hits="122" branch="false"/>
            <line number="26" hits="122" branch="false"/>
            <line number="27" hits="122" branch="false"/>
            <line number="28" hits="122" branch="false"/>
            <line number="29" hits="122" branch="false"/>
            <line number="38" hits="26" branch="false"/>
            <line number="42" hits="93" branch="true" condition-coverage="100% (2/2)"/>
            <line number="43" hits="86" branch="false"/>
            <line number="44" hits="86" branch="false"/>
            <line number="46" hits="86" branch="false"/>
            <line number="47" hits="105" branch="false"/>
            <line number="48" hits="105" branch="false"/>
            <line number="51" hits="86" branch="false"/>
            <line number="52" hits="86" branch="false"/>
            <line number="56" hits="67" branch="false"/>
            <line number="60" hits="86" branch="false"/>
            <line number="61" hits="86" branch="false"/>
            <line number="65" hits="88" branch="false"/>
            <line number="83" hits="37" branch="false"/>
            <line number="84" hits="37" branch="false"/>
            <line number="96" hits="37" branch="true" condition-coverage="100% (2/2)"/>
            <line number="97" hits="34" branch="false"/>
            <line number="110" hits="37" branch="false"/>
            <line number="111" hits="37" branch="true" condition-coverage="100% (4/4)"/>
            <line number="112" hits="37" branch="false"/>
            <line number="113" hits="37" branch="true" condition-coverage="100% (2/2)"/>
            <line number="114" hits="37" branch="false"/>
            <line number="115" hits="37" branch="false"/>
            <line number="116" hits="37" branch="false"/>
            <line number="117" hits="37" branch="false"/>
            <line number="118" hits="37" branch="false"/>
            <line number="126" hits="30" branch="false"/>
            <line number="127" hits="30" branch="false"/>
            <line number="128" hits="30" branch="false"/>
            <line number="132" hits="30" branch="false"/>
            <line number="133" hits="30" branch="false"/>
            <line number="144" hits="30" branch="false"/>
            <line number="145" hits="30" branch="false"/>
            <line number="151" hits="3" branch="false"/>
            <line number="152" hits="3" branch="false"/>
            <line number="153" hits="3" branch="false"/>
            <line number="154" hits="3" branch="false"/>
            <line number="166" hits="1" branch="false"/>
            <line number="167" hits="1" branch="false"/>
            <line number="174" hits="1" branch="true" condition-coverage="100% (2/2)"/>
            <line number="175" hits="1" branch="false"/>
            <line number="176" hits="1" branch="false"/>
            <line number="180" hits="1" branch="false"/>
            <line number="181" hits="1" branch="false"/>
            <line number="182" hits="1" branch="false"/>
            <line number="187" hits="2" branch="true" condition-coverage="100% (1/1)"/>
            <line number="191" hits="2" branch="false"/>
            <line number="192" hits="2" branch="false"/>
            <line number="193" hits="2" branch="false"/>
            <line number="194" hits="2" branch="false"/>
            <line number="195" hits="2" branch="false"/>
            <line number="199" hits="1" branch="false"/>
            <line number="200" hits="1" branch="false"/>
            <line number="203" hits="1" branch="false"/>
            <line number="204" hits="2" branch="false"/>
            <line number="214" hits="1" branch="false"/>
            <line number="220" hits="81" branch="false"/>
            <line number="221" hits="81" branch="false"/>
            <line number="222" hits="81" branch="false"/>
            <line number="239" hits="36" branch="true" condition-coverage="100% (2/2)"/>
            <line number="240" hits="36" branch="false"/>
            <line number="241" hits="36" branch="false"/>
            <line number="243" hits="36" branch="false"/>
            <line number="247" hits="41" branch="false"/>
            <line number="249" hits="41" branch="true" condition-coverage="100% (2/2)"/>
            <line number="250" hits="4" branch="false"/>
            <line number="251" hits="4" branch="true" condition-coverage="100% (2/2)"/>
            <line number="256" hits="2" branch="false"/>
            <line number="261" hits="39" branch="false"/>
            <line number="265" hits="39" branch="false"/>
            <line number="267" hits="39" branch="true" condition-coverage="100% (2/2)"/>
            <line number="268" hits="2" branch="false"/>
            <line number="276" hits="37" branch="false"/>
            <line number="287" hits="4" branch="true" condition-coverage="100% (5/5)"/>
            <line number="288" hits="1" branch="false"/>
            <line number="291" hits="3" branch="false"/>
            <line number="292" hits="3" branch="false"/>
            <line number="293" hits="4" branch="false"/>
            <line number="306" hits="3" branch="false"/>
            <line number="315" hits="31" branch="false"/>
            <line number="316" hits="31" branch="false"/>
            <line number="320" hits="52" branch="false"/>
            <line number="321" hits="52" branch="false"/>
            <line number="322" hits="51" branch="false"/>
            <line number="337" hits="16" branch="true" condition-coverage="100% (4/4)"/>
            <line number="339" hits="9" branch="false"/>
            <line number="352" hits="9" branch="true" condition-coverage="100% (2/2)"/>
            <line number="353" hits="7" branch="false"/>
            <line number="355" hits="2" branch="false"/>
            <line number="359" hits="55" branch="false"/>
            <line number="360" hits="55" branch="false"/>
            <line number="361" hits="55" branch="false"/>
            <line number="362" hits="55" branch="false"/>
            <line number="368" hits="29" branch="false"/>
            <line number="369" hits="29" branch="false"/>
            <line number="370" hits="29" branch="false"/>
            <line number="371" hits="29" branch="false"/>
            <line number="372" hits="29" branch="false"/>
            <line number="373" hits="29" branch="false"/>
            <line number="374" hits="29" branch="false"/>
            <line number="382" hits="41" branch="false"/>
            <line number="390" hits="39" branch="true" condition-coverage="100% (2/2)"/>
            <line number="391" hits="1" branch="false"/>
            <line number="394" hits="38" branch="true" condition-coverage="100% (4/4)"/>
            <line number="400" hits="33" branch="true" condition-coverage="100% (2/2)"/>
            <line number="405" hits="1" branch="false"/>
            <line number="408" hits="32" branch="true" condition-coverage="100% (2/2)"/>
            <line number="409" hits="1" branch="false"/>
            <line number="412" hits="31" branch="true" condition-coverage="100% (2/2)"/>
            <line number="413" hits="1" branch="false"/>
            <line number="417" hits="30" branch="false"/>
            <line number="419" hits="30" branch="false"/>
            <line number="420" hits="30" branch="false"/>
            <line number="423" hits="5" branch="true" condition-coverage="100% (2/2)"/>
            <line number="426" hits="1" branch="false"/>
            <line number="427" hits="1" branch="false"/>
            <line number="428" hits="1" branch="false"/>
            <line number="431" hits="4" branch="false"/>
            <line number="436" hits="33" branch="true" condition-coverage="100% (1/1)"/>
            <line number="440" hits="33" branch="false"/>
            <line number="441" hits="33" branch="false"/>
            <line number="442" hits="69" branch="false"/>
            <line number="443" hits="69" branch="false"/>
            <line number="446" hits="69" branch="true" condition-coverage="100% (1/1)"/>
            <line number="450" hits="69" branch="false"/>
            <line number="452" hits="33" branch="false"/>
            <line number="456" hits="35" branch="false"/>
            <line number="457" hits="35" branch="false"/>
            <line number="458" hits="35" branch="false"/>
            <line number="459" hits="35" branch="false"/>
            <line number="463" hits="21" branch="false"/>
            <line number="464" hits="21" branch="false"/>
            <line number="466" hits="21" branch="false"/>
            <line number="470" hits="23" branch="false"/>
            <line number="471" hits="23" branch="false"/>
            <line number="472" hits="23" branch="false"/>
            <line number="473" hits="23" branch="false"/>
            <line number="475" hits="23" branch="false"/>
            <line number="481" hits="5" branch="false"/>
            <line number="482" hits="5" branch="false"/>
            <line number="489" hits="5" branch="false"/>
            <line number="490" hits="5" branch="false"/>
            <line number="491" hits="5" branch="false"/>
            <line number="492" hits="5" branch="true" condition-coverage="100% (2/2)"/>
            <line number="493" hits="5" branch="false"/>
            <line number="517" hits="10" branch="true" condition-coverage="100% (2/2)"/>
            <line number="518" hits="1" branch="false"/>
            <line number="521" hits="9" branch="true" condition-coverage="100% (2/2)"/>
            <line number="522" hits="1" branch="false"/>
            <line number="525" hits="8" branch="true" condition-coverage="100% (2/2)"/>
            <line number="526" hits="1" branch="false"/>
            <line number="529" hits="7" branch="true" condition-coverage="100% (2/2)"/>
            <line number="530" hits="2" branch="true" condition-coverage="100% (4/4)"/>
            <line number="531" hits="1" branch="false"/>
            <line number="534" hits="1" branch="false"/>
            <line number="536" hits="5" branch="false"/>
            <line number="539" hits="6" branch="false"/>
            <line number="540" hits="6" branch="false"/>
            <line number="544" hits="1" branch="false"/>
            <line number="545" hits="1" branch="false"/>
            <line number="546" hits="1" branch="false"/>
            <line number="552" hits="4" branch="false"/>
            <line number="553" hits="4" branch="false"/>
            <line number="555" hits="4" branch="false"/>
            <line number="556" hits="4" branch="false"/>
            <line number="561" hits="4" branch="true" condition-coverage="100% (1/1)"/>
            <line number="565" hits="4" branch="true" condition-coverage="100% (2/2)"/>
            <line number="566" hits="3" branch="false"/>
            <line number="567" hits="3" branch="false"/>
            <line number="568" hits="3" branch="false"/>
            <line number="571" hits="1" branch="false"/>
            <line number="575" hits="4" branch="false"/>
            <line number="581" hits="4" branch="false"/>
            <line number="582" hits="4" branch="false"/>
            <line number="586" hits="4" branch="false"/>
            <line number="587" hits="3" branch="false"/>
            <line number="591" hits="3" branch="false"/>
            <line number="592" hits="3" branch="false"/>
            <line number="593" hits="3" branch="false"/>
            <line number="619" hits="3" branch="true" condition-coverage="100% (3/3)"/>
            <line number="624" hits="3" branch="true" condition-coverage="100% (1/1)"/>
            <line number="629" hits="3" branch="true" condition-coverage="100% (1/1)"/>
            <line number="633" hits="3" branch="false"/>
            <line number="634" hits="3" branch="false"/>
            <line number="636" hits="3" branch="false"/>
            <line number="639" hits="3" branch="false"/>
            <line number="642" hits="3" branch="false"/>
            <line number="646" hits="3" branch="false"/>
            <line number="647" hits="3" branch="false"/>
            <line number="648" hits="2" branch="false"/>
            <line number="649" hits="2" branch="false"/>
            <line number="653" hits="2" branch="false"/>
            <line number="654" hits="2" branch="false"/>
            <line number="658" hits="2" branch="false"/>
            <line number="664" hits="39" branch="false"/>
            <line number="665" hits="39" branch="false"/>
            <line number="672" hits="3" branch="true" condition-coverage="100% (2/2)"/>
            <line number="673" hits="1" branch="false"/>
            <line number="685" hits="144" branch="false"/>
            <line number="687" hits="144" branch="false"/>
            <line number="688" hits="1906" branch="true" condition-coverage="100% (2/2)"/>
            <line number="689" hits="671" branch="false"/>
            <line number="693" hits="144" branch="false"/>
            <line number="697" hits="104" branch="true" condition-coverage="100% (2/2)"/>
            <line number="698" hits="55" branch="false"/>
            <line number="700" hits="55" branch="false"/>
            <line number="701" hits="64" branch="false"/>
            <line number="704" hits="55" branch="false"/>
            <line number="708" hits="98" branch="true" condition-coverage="100% (2/2)"/>
            <line number="710" hits="53" branch="false"/>
            <line number="711" hits="64" branch="false"/>
            <line number="716" hits="35" branch="true" condition-coverage="100% (2/2)"/>
            <line number="717" hits="11" branch="false"/>
            <line number="720" hits="11" branch="true" condition-coverage="100% (2/2)"/>
            <line number="721" hits="9" branch="false"/>
            <line number="722" hits="9" branch="true" condition-coverage="100% (2/2)"/>
            <line number="723" hits="2" branch="true" condition-coverage="100% (2/2)"/>
            <line number="724" hits="1" branch="false"/>
            <line number="726" hits="1" branch="false"/>
            <line number="730" hits="2" branch="false"/>
            <line number="733" hits="10" branch="false"/>
            <line number="736" hits="34" branch="false"/>
            <line number="739" hits="1" branch="false"/>
          </lines>
        </class>
        <class name="parse.js" filename="src/parse.js" line-rate="1" branch-rate="1">
          <methods>
            <method name="parse" hits="39" signature="()V">
              <lines>
                <line number="73" hits="39"/>
              </lines>
            </method>
            <method name="(anonymous_1)" hits="37" signature="()V">
              <lines>
                <line number="100" hits="37"/>
              </lines>
            </method>
            <method name="readString" hits="57" signature="()V">
              <lines>
                <line number="116" hits="57"/>
              </lines>
            </method>
            <method name="readValue" hits="27" signature="()V">
              <lines>
                <line number="130" hits="27"/>
              </lines>
            </method>
            <method name="readRanges" hits="9" signature="()V">
              <lines>
                <line number="155" hits="9"/>
              </lines>
            </method>
            <method name="parseNumber" hits="14" signature="()V">
              <lines>
                <line number="170" hits="14"/>
              </lines>
            </method>
            <method name="parseId" hits="60" signature="()V">
              <lines>
                <line number="202" hits="60"/>
              </lines>
            </method>
            <method name="parsePackage" hits="5" signature="()V">
              <lines>
                <line number="228" hits="5"/>
              </lines>
            </method>
            <method name="parseImport" hits="3" signature="()V">
              <lines>
                <line number="241" hits="3"/>
              </lines>
            </method>
            <method name="parseSyntax" hits="38" signature="()V">
              <lines>
                <line number="261" hits="38"/>
              </lines>
            </method>
            <method name="parseCommon" hits="86" signature="()V">
              <lines>
                <line number="272" hits="86"/>
              </lines>
            </method>
            <method name="ifBlock" hits="91" signature="()V">
              <lines>
                <line number="298" hits="91"/>
              </lines>
            </method>
            <method name="parseType" hits="28" signature="()V">
              <lines>
                <line number="318" hits="28"/>
              </lines>
            </method>
            <method name="(anonymous_13)" hits="44" signature="()V">
              <lines>
                <line number="323" hits="44"/>
              </lines>
            </method>
            <method name="parseField" hits="35" signature="()V">
              <lines>
                <line number="361" hits="35"/>
              </lines>
            </method>
            <method name="(anonymous_15)" hits="0" signature="()V">
              <lines>
                <line number="382" hits="0"/>
              </lines>
            </method>
            <method name="(anonymous_16)" hits="33" signature="()V">
              <lines>
                <line number="389" hits="33"/>
              </lines>
            </method>
            <method name="parseGroup" hits="1" signature="()V">
              <lines>
                <line number="407" hits="1"/>
              </lines>
            </method>
            <method name="(anonymous_18)" hits="3" signature="()V">
              <lines>
                <line number="422" hits="3"/>
              </lines>
            </method>
            <method name="parseMapField" hits="3" signature="()V">
              <lines>
                <line number="443" hits="3"/>
              </lines>
            </method>
            <method name="(anonymous_20)" hits="0" signature="()V">
              <lines>
                <line number="471" hits="0"/>
              </lines>
            </method>
            <method name="(anonymous_21)" hits="3" signature="()V">
              <lines>
                <line number="478" hits="3"/>
              </lines>
            </method>
            <method name="parseOneOf" hits="1" signature="()V">
              <lines>
                <line number="485" hits="1"/>
              </lines>
            </method>
            <method name="(anonymous_23)" hits="3" signature="()V">
              <lines>
                <line number="490" hits="3"/>
              </lines>
            </method>
            <method name="parseEnum" hits="5" signature="()V">
              <lines>
                <line number="502" hits="5"/>
              </lines>
            </method>
            <method name="(anonymous_25)" hits="15" signature="()V">
              <lines>
                <line number="507" hits="15"/>
              </lines>
            </method>
            <method name="parseEnumValue" hits="10" signature="()V">
              <lines>
                <line number="525" hits="10"/>
              </lines>
            </method>
            <method name="(anonymous_27)" hits="0" signature="()V">
              <lines>
                <line number="534" hits="0"/>
              </lines>
            </method>
            <method name="(anonymous_28)" hits="10" signature="()V">
              <lines>
                <line number="541" hits="10"/>
              </lines>
            </method>
            <method name="parseOption" hits="26" signature="()V">
              <lines>
                <line number="548" hits="26"/>
              </lines>
            </method>
            <method name="parseOptionValue" hits="28" signature="()V">
              <lines>
                <line number="569" hits="28"/>
              </lines>
            </method>
            <method name="setOption" hits="27" signature="()V">
              <lines>
                <line number="591" hits="27"/>
              </lines>
            </method>
            <method name="parseInlineOptions" hits="46" signature="()V">
              <lines>
                <line number="595" hits="46"/>
              </lines>
            </method>
            <method name="parseService" hits="4" signature="()V">
              <lines>
                <line number="605" hits="4"/>
              </lines>
            </method>
            <method name="(anonymous_34)" hits="5" signature="()V">
              <lines>
                <line number="610" hits="5"/>
              </lines>
            </method>
            <method name="parseMethod" hits="3" signature="()V">
              <lines>
                <line number="620" hits="3"/>
              </lines>
            </method>
            <method name="(anonymous_36)" hits="2" signature="()V">
              <lines>
                <line number="665" hits="2"/>
              </lines>
            </method>
            <method name="parseExtension" hits="3" signature="()V">
              <lines>
                <line number="675" hits="3"/>
              </lines>
            </method>
            <method name="(anonymous_38)" hits="3" signature="()V">
              <lines>
                <line number="680" hits="3"/>
              </lines>
            </method>
          </methods>
          <lines>
            <line number="3" hits="1" branch="false"/>
            <line number="5" hits="1" branch="false"/>
            <line number="6" hits="1" branch="false"/>
            <line number="15" hits="1" branch="false"/>
            <line number="16" hits="1" branch="false"/>
            <line number="17" hits="1" branch="false"/>
            <line number="28" hits="1" branch="false"/>
            <line number="30" hits="1" branch="false"/>
            <line number="31" hits="1" branch="false"/>
            <line number="32" hits="1" branch="false"/>
            <line number="33" hits="1" branch="false"/>
            <line number="34" hits="1" branch="false"/>
            <line number="35" hits="1" branch="false"/>
            <line number="36" hits="1" branch="false"/>
            <line number="37" hits="1" branch="false"/>
            <line number="38" hits="1" branch="false"/>
            <line number="39" hits="1" branch="false"/>
            <line number="75" hits="39" branch="false"/>
            <line number="77" hits="39" branch="false"/>
            <line number="79" hits="39" branch="false"/>
            <line number="84" hits="39" branch="false"/>
            <line number="85" hits="39" branch="false"/>
            <line number="86" hits="39" branch="false"/>
            <line number="87" hits="39" branch="false"/>
            <line number="88" hits="39" branch="false"/>
            <line number="90" hits="39" branch="false"/>
            <line number="95" hits="39" branch="false"/>
            <line number="97" hits="39" branch="false"/>
            <line number="99" hits="39" branch="true" condition-coverage="100% (2/2)"/>
            <line number="101" hits="37" branch="false"/>
            <line number="117" hits="57" branch="false"/>
            <line number="119" hits="57" branch="false"/>
            <line number="121" hits="57" branch="true" condition-coverage="100% (3/3)"/>
            <line number="123" hits="57" branch="false"/>
            <line number="124" hits="57" branch="false"/>
            <line number="125" hits="57" branch="false"/>
            <line number="127" hits="57" branch="false"/>
            <line number="131" hits="27" branch="false"/>
            <line number="132" hits="27" branch="true" condition-coverage="100% (6/6)"/>
            <line number="135" hits="11" branch="false"/>
            <line number="136" hits="11" branch="false"/>
            <line number="139" hits="1" branch="false"/>
            <line number="142" hits="1" branch="false"/>
            <line number="144" hits="14" branch="false"/>
            <line number="145" hits="14" branch="false"/>
            <line number="148" hits="5" branch="true" condition-coverage="100% (3/3)"/>
            <line number="158" hits="9" branch="false"/>
            <line number="159" hits="14" branch="true" condition-coverage="100% (5/5)"/>
            <line number="160" hits="6" branch="false"/>
            <line number="162" hits="8" branch="false"/>
            <line number="167" hits="9" branch="false"/>
            <line number="171" hits="14" branch="false"/>
            <line number="172" hits="14" branch="true" condition-coverage="100% (2/2)"/>
            <line number="173" hits="1" branch="false"/>
            <line number="174" hits="1" branch="false"/>
            <line number="191" hits="11" branch="true" condition-coverage="100% (2/2)"/>
            <line number="192" hits="7" branch="true" condition-coverage="100% (2/2)"/>
            <line number="193" hits="6" branch="true" condition-coverage="100% (2/2)"/>
            <line number="203" hits="60" branch="true" condition-coverage="100% (4/4)"/>
            <line number="207" hits="1" branch="false"/>
            <line number="209" hits="1" branch="false"/>
            <line number="213" hits="58" branch="true" condition-coverage="100% (3/3)"/>
            <line number="230" hits="5" branch="true" condition-coverage="100% (1/1)"/>
            <line number="232" hits="5" branch="false"/>
            <line number="235" hits="5" branch="true" condition-coverage="100% (1/1)"/>
            <line number="237" hits="4" branch="false"/>
            <line number="238" hits="3" branch="false"/>
            <line number="242" hits="3" branch="false"/>
            <line number="244" hits="3" branch="true" condition-coverage="100% (3/3)"/>
            <line number="246" hits="1" branch="true" condition-coverage="100% (2/2)"/>
            <line number="247" hits="1" branch="false"/>
            <line number="248" hits="1" branch="false"/>
            <line number="250" hits="1" branch="false"/>
            <line number="253" hits="2" branch="true" condition-coverage="100% (2/2)"/>
            <line number="254" hits="2" branch="false"/>
            <line number="256" hits="3" branch="false"/>
            <line number="257" hits="3" branch="false"/>
            <line number="258" hits="3" branch="false"/>
            <line number="262" hits="38" branch="false"/>
            <line number="263" hits="37" branch="false"/>
            <line number="264" hits="37" branch="false"/>
            <line number="269" hits="37" branch="false"/>
            <line number="273" hits="86" branch="true" condition-coverage="100% (5/5)"/>
            <line number="275" hits="5" branch="false"/>
            <line number="276" hits="5" branch="false"/>
            <line number="277" hits="5" branch="false"/>
            <line number="280" hits="28" branch="false"/>
            <line number="281" hits="23" branch="false"/>
            <line number="284" hits="5" branch="false"/>
            <line number="285" hits="1" branch="false"/>
            <line number="288" hits="4" branch="false"/>
            <line number="289" hits="4" branch="false"/>
            <line number="292" hits="3" branch="false"/>
            <line number="293" hits="3" branch="false"/>
            <line number="295" hits="41" branch="false"/>
            <line number="299" hits="91" branch="false"/>
            <line number="300" hits="91" branch="true" condition-coverage="100% (2/2)"/>
            <line number="301" hits="88" branch="true" condition-coverage="100% (2/2)"/>
            <line number="302" hits="85" branch="false"/>
            <line number="304" hits="88" branch="false"/>
            <line number="306" hits="91" branch="true" condition-coverage="100% (2/2)"/>
            <line number="308" hits="75" branch="false"/>
            <line number="309" hits="34" branch="false"/>
            <line number="311" hits="48" branch="true" condition-coverage="100% (2/2)"/>
            <line number="312" hits="48" branch="false"/>
            <line number="313" hits="48" branch="true" condition-coverage="100% (4/4)"/>
            <line number="314" hits="41" branch="false"/>
            <line number="320" hits="28" branch="true" condition-coverage="100% (1/1)"/>
            <line number="322" hits="28" branch="false"/>
            <line number="323" hits="28" branch="false"/>
            <line number="324" hits="44" branch="true" condition-coverage="100% (2/2)"/>
            <line number="326" hits="37" branch="true" condition-coverage="100% (8/8)"/>
            <line number="328" hits="3" branch="false"/>
            <line number="329" hits="3" branch="false"/>
            <line number="334" hits="4" branch="false"/>
            <line number="335" hits="4" branch="false"/>
            <line number="338" hits="1" branch="false"/>
            <line number="339" hits="1" branch="false"/>
            <line number="342" hits="1" branch="true" condition-coverage="100% (2/2)"/>
            <line number="343" hits="1" branch="false"/>
            <line number="346" hits="4" branch="true" condition-coverage="100% (2/2)"/>
            <line number="347" hits="4" branch="false"/>
            <line number="351" hits="24" branch="true" condition-coverage="100% (3/3)"/>
            <line number="353" hits="24" branch="false"/>
            <line number="354" hits="24" branch="false"/>
            <line number="355" hits="19" branch="false"/>
            <line number="358" hits="23" branch="false"/>
            <line number="362" hits="35" branch="false"/>
            <line number="363" hits="35" branch="true" condition-coverage="100% (2/2)"/>
            <line number="364" hits="1" branch="false"/>
            <line number="365" hits="1" branch="false"/>
            <line number="369" hits="34" branch="true" condition-coverage="100% (1/1)"/>
            <line number="371" hits="34" branch="false"/>
            <line number="374" hits="34" branch="true" condition-coverage="100% (1/1)"/>
            <line number="376" hits="34" branch="false"/>
            <line number="377" hits="34" branch="false"/>
            <line number="379" hits="34" branch="false"/>
            <line number="380" hits="33" branch="false"/>
            <line number="390" hits="33" branch="false"/>
            <line number="393" hits="33" branch="false"/>
            <line number="408" hits="1" branch="false"/>
            <line number="411" hits="1" branch="true" condition-coverage="100% (1/1)"/>
            <line number="413" hits="1" branch="false"/>
            <line number="416" hits="1" branch="false"/>
            <line number="417" hits="1" branch="false"/>
            <line number="418" hits="1" branch="false"/>
            <line number="419" hits="1" branch="false"/>
            <line number="420" hits="1" branch="false"/>
            <line number="421" hits="1" branch="false"/>
            <line number="422" hits="1" branch="false"/>
            <line number="423" hits="3" branch="true" condition-coverage="100% (4/4)"/>
            <line number="425" hits="1" branch="false"/>
            <line number="426" hits="1" branch="false"/>
            <line number="427" hits="1" branch="false"/>
            <line number="432" hits="2" branch="false"/>
            <line number="433" hits="2" branch="false"/>
            <line number="440" hits="1" branch="false"/>
            <line number="444" hits="3" branch="false"/>
            <line number="445" hits="3" branch="false"/>
            <line number="448" hits="3" branch="true" condition-coverage="100% (1/1)"/>
            <line number="450" hits="3" branch="false"/>
            <line number="451" hits="3" branch="false"/>
            <line number="454" hits="3" branch="true" condition-coverage="100% (1/1)"/>
            <line number="456" hits="3" branch="false"/>
            <line number="457" hits="3" branch="false"/>
            <line number="460" hits="3" branch="true" condition-coverage="100% (1/1)"/>
            <line number="462" hits="3" branch="false"/>
            <line number="463" hits="3" branch="false"/>
            <line number="469" hits="3" branch="false"/>
            <line number="479" hits="3" branch="false"/>
            <line number="482" hits="3" branch="false"/>
            <line number="487" hits="1" branch="true" condition-coverage="100% (1/1)"/>
            <line number="489" hits="1" branch="false"/>
            <line number="490" hits="1" branch="false"/>
            <line number="491" hits="3" branch="true" condition-coverage="100% (2/2)"/>
            <line number="492" hits="1" branch="false"/>
            <line number="493" hits="1" branch="false"/>
            <line number="495" hits="2" branch="false"/>
            <line number="496" hits="2" branch="false"/>
            <line number="499" hits="1" branch="false"/>
            <line number="504" hits="5" branch="true" condition-coverage="100% (1/1)"/>
            <line number="506" hits="5" branch="false"/>
            <line number="507" hits="5" branch="false"/>
            <line number="508" hits="15" branch="true" condition-coverage="100% (3/3)"/>
            <line number="510" hits="1" branch="false"/>
            <line number="511" hits="1" branch="false"/>
            <line number="512" hits="1" branch="false"/>
            <line number="515" hits="4" branch="true" condition-coverage="100% (2/2)"/>
            <line number="516" hits="4" branch="false"/>
            <line number="519" hits="10" branch="false"/>
            <line number="522" hits="1" branch="false"/>
            <line number="527" hits="10" branch="true" condition-coverage="100% (1/1)"/>
            <line number="529" hits="10" branch="false"/>
            <line number="530" hits="10" branch="false"/>
            <line number="531" hits="10" branch="false"/>
            <line number="532" hits="10" branch="false"/>
            <line number="542" hits="10" branch="false"/>
            <line number="545" hits="10" branch="false"/>
            <line number="549" hits="26" branch="false"/>
            <line number="552" hits="26" branch="true" condition-coverage="100% (1/1)"/>
            <line number="554" hits="26" branch="false"/>
            <line number="555" hits="26" branch="true" condition-coverage="100% (2/2)"/>
            <line number="556" hits="11" branch="false"/>
            <line number="557" hits="11" branch="false"/>
            <line number="558" hits="11" branch="false"/>
            <line number="565" hits="26" branch="false"/>
            <line number="566" hits="26" branch="false"/>
            <line number="570" hits="28" branch="true" condition-coverage="100% (2/2)"/>
            <line number="572" hits="4" branch="false"/>
            <line number="574" hits="5" branch="true" condition-coverage="100% (1/1)"/>
            <line number="576" hits="5" branch="true" condition-coverage="100% (2/2)"/>
            <line number="580" hits="4" branch="false"/>
            <line number="581" hits="4" branch="true" condition-coverage="100% (2/2)"/>
            <line number="582" hits="3" branch="false"/>
            <line number="587" hits="24" branch="false"/>
            <line number="592" hits="27" branch="true" condition-coverage="100% (2/2)"/>
            <line number="596" hits="46" branch="true" condition-coverage="100% (2/2)"/>
            <line number="597" hits="11" branch="false"/>
            <line number="598" hits="13" branch="false"/>
            <line number="600" hits="11" branch="false"/>
            <line number="602" hits="46" branch="false"/>
            <line number="607" hits="4" branch="true" condition-coverage="100% (1/1)"/>
            <line number="609" hits="4" branch="false"/>
            <line number="610" hits="4" branch="false"/>
            <line number="611" hits="5" branch="true" condition-coverage="100% (2/2)"/>
            <line number="614" hits="3" branch="true" condition-coverage="100% (1/1)"/>
            <line number="617" hits="4" branch="false"/>
            <line number="623" hits="3" branch="false"/>
            <line number="625" hits="3" branch="false"/>
            <line number="628" hits="3" branch="true" condition-coverage="100% (1/1)"/>
            <line number="630" hits="3" branch="false"/>
            <line number="636" hits="3" branch="false"/>
            <line number="641" hits="3" branch="true" condition-coverage="100% (1/1)"/>
            <line number="643" hits="3" branch="false"/>
            <line number="644" hits="3" branch="false"/>
            <line number="645" hits="3" branch="false"/>
            <line number="646" hits="3" branch="false"/>
            <line number="651" hits="3" branch="true" condition-coverage="100% (1/1)"/>
            <line number="653" hits="3" branch="false"/>
            <line number="654" hits="3" branch="false"/>
            <line number="656" hits="3" branch="false"/>
            <line number="664" hits="3" branch="false"/>
            <line number="665" hits="3" branch="false"/>
            <line number="667" hits="2" branch="true" condition-coverage="100% (1/1)"/>
            <line number="668" hits="2" branch="false"/>
            <line number="669" hits="2" branch="false"/>
            <line number="672" hits="3" branch="false"/>
            <line number="677" hits="3" branch="true" condition-coverage="100% (1/1)"/>
            <line number="679" hits="3" branch="false"/>
            <line number="680" hits="3" branch="false"/>
            <line number="681" hits="3" branch="true" condition-coverage="100% (4/4)"/>
            <line number="685" hits="1" branch="false"/>
            <line number="686" hits="1" branch="false"/>
            <line number="690" hits="2" branch="true" condition-coverage="100% (3/3)"/>
            <line number="691" hits="2" branch="false"/>
            <line number="692" hits="2" branch="false"/>
            <line number="693" hits="2" branch="false"/>
            <line number="699" hits="39" branch="false"/>
            <line number="700" hits="86" branch="true" condition-coverage="100% (5/5)"/>
            <line number="703" hits="5" branch="true" condition-coverage="100% (1/1)"/>
            <line number="705" hits="5" branch="false"/>
            <line number="706" hits="3" branch="false"/>
            <line number="710" hits="3" branch="true" condition-coverage="100% (1/1)"/>
            <line number="712" hits="3" branch="false"/>
            <line number="713" hits="3" branch="false"/>
            <line number="717" hits="38" branch="true" condition-coverage="100% (1/1)"/>
            <line number="719" hits="38" branch="false"/>
            <line number="720" hits="37" branch="false"/>
            <line number="723" hits="3" branch="false"/>
            <line number="724" hits="3" branch="false"/>
            <line number="725" hits="3" branch="false"/>
            <line number="729" hits="37" branch="true" condition-coverage="100% (1/1)"/>
            <line number="730" hits="27" branch="false"/>
            <line number="731" hits="27" branch="false"/>
            <line number="739" hits="26" branch="false"/>
            <line number="741" hits="26" branch="true" condition-coverage="100% (2/2)"/>
            <line number="742" hits="1" branch="false"/>
            <line number="743" hits="1" branch="false"/>
            <line number="744" hits="25" branch="true" condition-coverage="100% (2/2)"/>
            <line number="745" hits="22" branch="false"/>
            <line number="746" hits="22" branch="false"/>
            <line number="749" hits="25" branch="true" condition-coverage="100% (2/2)"/>
            <line number="750" hits="24" branch="false"/>
            <line number="753" hits="25" branch="false"/>
          </lines>
        </class>
        <class name="tokenize.js" filename="src/tokenize.js" line-rate="1" branch-rate="1">
          <methods>
            <method name="unescape" hits="57" signature="()V">
              <lines>
                <line number="29" hits="57"/>
              </lines>
            </method>
            <method name="(anonymous_1)" hits="0" signature="()V">
              <lines>
                <line number="30" hits="0"/>
              </lines>
            </method>
            <method name="tokenize" hits="39" signature="()V">
              <lines>
                <line number="102" hits="39"/>
              </lines>
            </method>
            <method name="readString" hits="57" signature="()V">
              <lines>
                <line number="138" hits="57"/>
              </lines>
            </method>
            <method name="charAt" hits="6665" signature="()V">
              <lines>
                <line number="156" hits="6665"/>
              </lines>
            </method>
            <method name="setComment" hits="30" signature="()V">
              <lines>
                <line number="167" hits="30"/>
              </lines>
            </method>
            <method name="isDoubleSlashCommentLine" hits="52" signature="()V">
              <lines>
                <line number="201" hits="52"/>
              </lines>
            </method>
            <method name="findEndOfLine" hits="78" signature="()V">
              <lines>
                <line number="212" hits="78"/>
              </lines>
            </method>
            <method name="next" hits="1503" signature="()V">
              <lines>
                <line number="226" hits="1503"/>
              </lines>
            </method>
            <method name="push" hits="573" signature="()V">
              <lines>
                <line number="338" hits="573"/>
              </lines>
            </method>
            <method name="peek" hits="742" signature="()V">
              <lines>
                <line number="347" hits="742"/>
              </lines>
            </method>
            <method name="skip" hits="608" signature="()V">
              <lines>
                <line number="364" hits="608"/>
              </lines>
            </method>
            <method name="cmnt" hits="129" signature="()V">
              <lines>
                <line number="381" hits="129"/>
              </lines>
            </method>
            <method name="(anonymous_13)" hits="99" signature="()V">
              <lines>
                <line number="418" hits="99"/>
              </lines>
            </method>
          </methods>
          <lines>
            <line number="3" hits="1" branch="false"/>
            <line number="5" hits="1" branch="false"/>
            <line number="6" hits="1" branch="false"/>
            <line number="7" hits="1" branch="false"/>
            <line number="9" hits="1" branch="false"/>
            <line number="10" hits="1" branch="false"/>
            <line number="11" hits="1" branch="false"/>
            <line number="12" hits="1" branch="false"/>
            <line number="13" hits="1" branch="false"/>
            <line number="15" hits="1" branch="false"/>
            <line number="30" hits="57" branch="false"/>
            <line number="42" hits="1" branch="false"/>
            <line number="104" hits="39" branch="false"/>
            <line number="106" hits="39" branch="false"/>
            <line number="107" hits="39" branch="false"/>
            <line number="108" hits="39" branch="false"/>
            <line number="109" hits="39" branch="false"/>
            <line number="110" hits="39" branch="false"/>
            <line number="111" hits="39" branch="false"/>
            <line number="112" hits="39" branch="false"/>
            <line number="114" hits="39" branch="false"/>
            <line number="116" hits="39" branch="false"/>
            <line number="139" hits="57" branch="true" condition-coverage="100% (2/2)"/>
            <line number="140" hits="57" branch="false"/>
            <line number="141" hits="57" branch="false"/>
            <line number="144" hits="57" branch="false"/>
            <line number="145" hits="57" branch="false"/>
            <line number="146" hits="57" branch="false"/>
            <line number="147" hits="57" branch="false"/>
            <line number="157" hits="6665" branch="false"/>
            <line number="168" hits="30" branch="false"/>
            <line number="169" hits="30" branch="false"/>
            <line number="170" hits="30" branch="false"/>
            <line number="172" hits="30" branch="true" condition-coverage="100% (2/2)"/>
            <line number="173" hits="29" branch="false"/>
            <line number="175" hits="1" branch="false"/>
            <line number="177" hits="30" branch="false"/>
            <line number="179" hits="30" branch="false"/>
            <line number="180" hits="47" branch="true" condition-coverage="100% (4/4)"/>
            <line number="181" hits="26" branch="false"/>
            <line number="182" hits="26" branch="false"/>
            <line number="185" hits="30" branch="false"/>
            <line number="186" hits="30" branch="false"/>
            <line number="187" hits="62" branch="true" condition-coverage="100% (2/2)"/>
            <line number="188" hits="57" branch="false"/>
            <line number="192" hits="5" branch="false"/>
            <line number="195" hits="30" branch="false"/>
            <line number="196" hits="30" branch="true" condition-coverage="100% (2/2)"/>
            <line number="197" hits="28" branch="false"/>
            <line number="202" hits="52" branch="false"/>
            <line number="205" hits="52" branch="false"/>
            <line number="208" hits="52" branch="false"/>
            <line number="209" hits="52" branch="false"/>
            <line number="214" hits="78" branch="false"/>
            <line number="215" hits="78" branch="true" condition-coverage="100% (2/2)"/>
            <line number="216" hits="1061" branch="false"/>
            <line number="218" hits="78" branch="false"/>
            <line number="227" hits="1503" branch="true" condition-coverage="100% (2/2)"/>
            <line number="228" hits="938" branch="true" condition-coverage="100% (2/2)"/>
            <line number="234" hits="881" branch="false"/>
            <line number="235" hits="913" branch="true" condition-coverage="100% (2/2)"/>
            <line number="236" hits="891" branch="false"/>
            <line number="237" hits="891" branch="false"/>
            <line number="238" hits="994" branch="true" condition-coverage="100% (2/2)"/>
            <line number="239" hits="994" branch="true" condition-coverage="100% (2/2)"/>
            <line number="242" hits="865" branch="true" condition-coverage="100% (2/2)"/>
            <line number="247" hits="32" branch="true" condition-coverage="100% (2/2)"/>
            <line number="249" hits="28" branch="true" condition-coverage="100% (2/2)"/>
            <line number="251" hits="2" branch="false"/>
            <line number="253" hits="2" branch="false"/>
            <line number="259" hits="2" branch="false"/>
            <line number="264" hits="2" branch="false"/>
            <line number="265" hits="2" branch="false"/>
            <line number="268" hits="26" branch="false"/>
            <line number="269" hits="26" branch="false"/>
            <line number="289" hits="26" branch="false"/>
            <line number="290" hits="26" branch="false"/>
            <line number="323" hits="833" branch="false"/>
            <line number="324" hits="833" branch="false"/>
            <line number="325" hits="833" branch="false"/>
            <line number="326" hits="1458" branch="true" condition-coverage="100% (4/4)"/>
            <line number="327" hits="833" branch="false"/>
            <line number="328" hits="833" branch="true" condition-coverage="100% (4/4)"/>
            <line number="329" hits="833" branch="false"/>
            <line number="339" hits="573" branch="false"/>
            <line number="348" hits="742" branch="true" condition-coverage="100% (2/2)"/>
            <line number="349" hits="499" branch="false"/>
            <line number="350" hits="499" branch="true" condition-coverage="100% (2/2)"/>
            <line number="351" hits="477" branch="false"/>
            <line number="353" hits="720" branch="false"/>
            <line number="365" hits="608" branch="false"/>
            <line number="366" hits="608" branch="false"/>
            <line number="367" hits="608" branch="true" condition-coverage="100% (2/2)"/>
            <line number="368" hits="415" branch="false"/>
            <line number="369" hits="415" branch="false"/>
            <line number="371" hits="193" branch="true" condition-coverage="100% (2/2)"/>
            <line number="372" hits="192" branch="false"/>
            <line number="382" hits="129" branch="false"/>
            <line number="383" hits="129" branch="true" condition-coverage="100% (2/2)"/>
            <line number="393" hits="41" branch="true" condition-coverage="100% (1/1)"/>
            <line number="394" hits="41" branch="false"/>
            <line number="405" hits="129" branch="false"/>
            <line number="408" hits="39" branch="false"/>
            <line number="419" hits="99" branch="false"/>
          </lines>
        </class>
        <class name="ts_type.js" filename="src/ts_type.js" line-rate="1" branch-rate="1">
          <methods>
            <method name="getFieldType" hits="46" signature="()V">
              <lines>
                <line number="38" hits="46"/>
              </lines>
            </method>
          </methods>
          <lines>
            <line number="1" hits="1" branch="false"/>
            <line number="21" hits="1" branch="false"/>
            <line number="39" hits="46" branch="true" condition-coverage="100% (2/2)"/>
            <line number="42" hits="46" branch="false"/>
            <line number="47" hits="46" branch="false"/>
            <line number="50" hits="1" branch="false"/>
          </lines>
        </class>
        <class name="types.js" filename="src/types.js" line-rate="1" branch-rate="1">
          <methods>
            <method name="bake" hits="5" signature="()V">
              <lines>
                <line number="29" hits="5"/>
              </lines>
            </method>
          </methods>
          <lines>
            <line number="7" hits="1" branch="false"/>
            <line number="9" hits="1" branch="false"/>
            <line number="11" hits="1" branch="false"/>
            <line number="30" hits="5" branch="false"/>
            <line number="31" hits="5" branch="false"/>
            <line number="32" hits="5" branch="false"/>
            <line number="33" hits="61" branch="false"/>
            <line number="34" hits="5" branch="false"/>
            <line number="57" hits="1" branch="false"/>
            <line number="96" hits="1" branch="false"/>
            <line number="125" hits="1" branch="false"/>
            <line number="153" hits="1" branch="false"/>
            <line number="189" hits="1" branch="false"/>
          </lines>
        </class>
        <class name="util.js" filename="src/util.js" line-rate="1" branch-rate="1">
          <methods>
            <method name="isObject" hits="80" signature="()V">
              <lines>
                <line number="6" hits="80"/>
              </lines>
            </method>
            <method name="isString" hits="185" signature="()V">
              <lines>
                <line number="10" hits="185"/>
              </lines>
            </method>
            <method name="isInteger" hits="47" signature="()V">
              <lines>
                <line number="17" hits="47"/>
              </lines>
            </method>
            <method name="camelCase" hits="1" signature="()V">
              <lines>
                <line number="25" hits="1"/>
              </lines>
            </method>
            <method name="(anonymous_4)" hits="1" signature="()V">
              <lines>
                <line number="28" hits="1"/>
              </lines>
            </method>
            <method name="lcFirst" hits="1" signature="()V">
              <lines>
                <line number="32" hits="1"/>
              </lines>
            </method>
            <method name="ucFirst" hits="1" signature="()V">
              <lines>
                <line number="36" hits="1"/>
              </lines>
            </method>
          </methods>
          <lines>
            <line number="1" hits="1" branch="false"/>
            <line number="7" hits="80" branch="true" condition-coverage="100% (2/2)"/>
            <line number="11" hits="185" branch="false"/>
            <line number="18" hits="47" branch="false"/>
            <line number="26" hits="1" branch="false"/>
            <line number="28" hits="1" branch="false"/>
            <line number="29" hits="1" branch="false"/>
            <line number="33" hits="1" branch="false"/>
            <line number="37" hits="1" branch="false"/>
            <line number="40" hits="1" branch="false"/>
          </lines>
        </class>
      </classes>
    </package>
  </packages>
</coverage>
